# JRE version: Java(TM) SE Runtime Environment (16.0.1+9) (build 16.0.1+9-24)
# Java VM: Java HotSpot(TM) 64-Bit Server VM (16.0.1+9-24, mixed mode, sharing, tiered, compressed oops, compressed class ptrs, g1 gc, windows-amd64)
GC Precious Log:
 CPUs: 4 total, 4 available
 Memory: 1892M
 Large Page Support: Disabled
 NUMA Support: Disabled
 Compressed Oops: Enabled (32-bit)
 Heap Region Size: 1M
 Heap Min Capacity: 8M
 Heap Initial Capacity: 30M
 Heap Max Capacity: 474M
 Pre-touch: Disabled
 Parallel Workers: 4
 Concurrent Workers: 1
 Concurrent Refinement Workers: 4
 Periodic GC: Disabled
Heap:
 garbage-first heap   total 30720K, used 15242K [0x00000000e2600000, 0x0000000100000000)
  region size 1024K, 13 young (13312K), 2 survivors (2048K)
 Metaspace       used 11009K, committed 11200K, reserved 1064960K
  class space    used 1301K, committed 1408K, reserved 1048576K
GC Heap History (8 events):
Event: 2.274 GC heap before
{Heap before GC invocations=0 (full 0):
 garbage-first heap   total 30720K, used 12288K [0x00000000e2600000, 0x0000000100000000)
  region size 1024K, 13 young (13312K), 0 survivors (0K)
 Metaspace       used 3527K, committed 3712K, reserved 1056768K
  class space    used 347K, committed 448K, reserved 1048576K
}
Event: 2.291 GC heap after
{Heap after GC invocations=1 (full 0):
 garbage-first heap   total 30720K, used 3133K [0x00000000e2600000, 0x0000000100000000)
  region size 1024K, 2 young (2048K), 2 survivors (2048K)
 Metaspace       used 3527K, committed 3712K, reserved 1056768K
  class space    used 347K, committed 448K, reserved 1048576K
}
Event: 3.136 GC heap before
{Heap before GC invocations=1 (full 0):
 garbage-first heap   total 30720K, used 14397K [0x00000000e2600000, 0x0000000100000000)
  region size 1024K, 13 young (13312K), 2 survivors (2048K)
 Metaspace       used 4980K, committed 5120K, reserved 1056768K
  class space    used 559K, committed 640K, reserved 1048576K
}
Event: 3.147 GC heap after
{Heap after GC invocations=2 (full 0):
 garbage-first heap   total 30720K, used 3859K [0x00000000e2600000, 0x0000000100000000)
  region size 1024K, 1 young (1024K), 1 survivors (1024K)
 Metaspace       used 4980K, committed 5120K, reserved 1056768K
  class space    used 559K, committed 640K, reserved 1048576K
}
Event: 4.182 GC heap before
{Heap before GC invocations=2 (full 0):
 garbage-first heap   total 30720K, used 15123K [0x00000000e2600000, 0x0000000100000000)
  region size 1024K, 13 young (13312K), 1 survivors (1024K)
 Metaspace       used 6279K, committed 6400K, reserved 1056768K
  class space    used 708K, committed 768K, reserved 1048576K
}
Event: 4.189 GC heap after
{Heap after GC invocations=3 (full 0):
 garbage-first heap   total 30720K, used 4109K [0x00000000e2600000, 0x0000000100000000)
  region size 1024K, 1 young (1024K), 1 survivors (1024K)
 Metaspace       used 6279K, committed 6400K, reserved 1056768K
  class space    used 708K, committed 768K, reserved 1048576K
}
Event: 5.452 GC heap before
{Heap before GC invocations=3 (full 0):
 garbage-first heap   total 30720K, used 18445K [0x00000000e2600000, 0x0000000100000000)
  region size 1024K, 15 young (15360K), 1 survivors (1024K)
 Metaspace       used 8968K, committed 9152K, reserved 1064960K
  class space    used 1056K, committed 1152K, reserved 1048576K
}
Event: 5.464 GC heap after
{Heap after GC invocations=4 (full 0):
 garbage-first heap   total 30720K, used 5002K [0x00000000e2600000, 0x0000000100000000)
  region size 1024K, 2 young (2048K), 2 survivors (2048K)
 Metaspace       used 8968K, committed 9152K, reserved 1064960K
  class space    used 1056K, committed 1152K, reserved 1048576K
}

