# JRE version: Java(TM) SE Runtime Environment (16.0.1+9) (build 16.0.1+9-24)
# Java VM: Java HotSpot(TM) 64-Bit Server VM (16.0.1+9-24, mixed mode, sharing, tiered, compressed oops, compressed class ptrs, g1 gc, windows-amd64)
GC Precious Log:
 CPUs: 4 total, 4 available
 Memory: 1892M
 Large Page Support: Disabled
 NUMA Support: Disabled
 Compressed Oops: Enabled (32-bit)
 Heap Region Size: 1M
 Heap Min Capacity: 8M
 Heap Initial Capacity: 30M
 Heap Max Capacity: 474M
 Pre-touch: Disabled
 Parallel Workers: 4
 Concurrent Workers: 1
 Concurrent Refinement Workers: 4
 Periodic GC: Disabled
Heap:
 garbage-first heap   total 30720K, used 22651K [0x00000000e2600000, 0x0000000100000000)
  region size 1024K, 13 young (13312K), 2 survivors (2048K)
 Metaspace       used 24218K, committed 24448K, reserved 1073152K
  class space    used 2757K, committed 2880K, reserved 1048576K
GC Heap History (20 events):
Event: 2.756 GC heap before
{Heap before GC invocations=1 (full 0):
 garbage-first heap   total 30720K, used 14344K [0x00000000e2600000, 0x0000000100000000)
  region size 1024K, 13 young (13312K), 2 survivors (2048K)
 Metaspace       used 4973K, committed 5120K, reserved 1056768K
  class space    used 559K, committed 640K, reserved 1048576K
}
Event: 2.768 GC heap after
{Heap after GC invocations=2 (full 0):
 garbage-first heap   total 30720K, used 3754K [0x00000000e2600000, 0x0000000100000000)
  region size 1024K, 1 young (1024K), 1 survivors (1024K)
 Metaspace       used 4973K, committed 5120K, reserved 1056768K
  class space    used 559K, committed 640K, reserved 1048576K
}
Event: 3.668 GC heap before
{Heap before GC invocations=2 (full 0):
 garbage-first heap   total 30720K, used 15018K [0x00000000e2600000, 0x0000000100000000)
  region size 1024K, 13 young (13312K), 1 survivors (1024K)
 Metaspace       used 6262K, committed 6400K, reserved 1056768K
  class space    used 708K, committed 768K, reserved 1048576K
}
Event: 3.675 GC heap after
{Heap after GC invocations=3 (full 0):
 garbage-first heap   total 30720K, used 4047K [0x00000000e2600000, 0x0000000100000000)
  region size 1024K, 1 young (1024K), 1 survivors (1024K)
 Metaspace       used 6262K, committed 6400K, reserved 1056768K
  class space    used 708K, committed 768K, reserved 1048576K
}
Event: 6.040 GC heap before
{Heap before GC invocations=3 (full 0):
 garbage-first heap   total 30720K, used 18383K [0x00000000e2600000, 0x0000000100000000)
  region size 1024K, 15 young (15360K), 1 survivors (1024K)
 Metaspace       used 8956K, committed 9152K, reserved 1064960K
  class space    used 1058K, committed 1152K, reserved 1048576K
}
Event: 6.052 GC heap after
{Heap after GC invocations=4 (full 0):
 garbage-first heap   total 30720K, used 5060K [0x00000000e2600000, 0x0000000100000000)
  region size 1024K, 2 young (2048K), 2 survivors (2048K)
 Metaspace       used 8956K, committed 9152K, reserved 1064960K
  class space    used 1058K, committed 1152K, reserved 1048576K
}
Event: 8.676 GC heap before
{Heap before GC invocations=4 (full 0):
 garbage-first heap   total 30720K, used 20420K [0x00000000e2600000, 0x0000000100000000)
  region size 1024K, 17 young (17408K), 2 survivors (2048K)
 Metaspace       used 11958K, committed 12096K, reserved 1064960K
  class space    used 1394K, committed 1472K, reserved 1048576K
}
Event: 8.697 GC heap after
{Heap after GC invocations=5 (full 0):
 garbage-first heap   total 30720K, used 6323K [0x00000000e2600000, 0x0000000100000000)
  region size 1024K, 3 young (3072K), 3 survivors (3072K)
 Metaspace       used 11958K, committed 12096K, reserved 1064960K
  class space    used 1394K, committed 1472K, reserved 1048576K
}
Event: 10.404 GC heap before
{Heap before GC invocations=5 (full 0):
 garbage-first heap   total 30720K, used 20659K [0x00000000e2600000, 0x0000000100000000)
  region size 1024K, 17 young (17408K), 3 survivors (3072K)
 Metaspace       used 15096K, committed 15296K, reserved 1064960K
  class space    used 1707K, committed 1792K, reserved 1048576K
}
Event: 10.429 GC heap after
{Heap after GC invocations=6 (full 0):
 garbage-first heap   total 30720K, used 8082K [0x00000000e2600000, 0x0000000100000000)
  region size 1024K, 3 young (3072K), 3 survivors (3072K)
 Metaspace       used 15096K, committed 15296K, reserved 1064960K
  class space    used 1707K, committed 1792K, reserved 1048576K
}
Event: 13.346 GC heap before
{Heap before GC invocations=6 (full 0):
 garbage-first heap   total 30720K, used 21394K [0x00000000e2600000, 0x0000000100000000)
  region size 1024K, 16 young (16384K), 3 survivors (3072K)
 Metaspace       used 20442K, committed 20672K, reserved 1073152K
  class space    used 2382K, committed 2496K, reserved 1048576K
}
Event: 13.374 GC heap after
{Heap after GC invocations=7 (full 0):
 garbage-first heap   total 30720K, used 10027K [0x00000000e2600000, 0x0000000100000000)
  region size 1024K, 2 young (2048K), 2 survivors (2048K)
 Metaspace       used 20442K, committed 20672K, reserved 1073152K
  class space    used 2382K, committed 2496K, reserved 1048576K
}
Event: 15.127 GC heap before
{Heap before GC invocations=7 (full 0):
 garbage-first heap   total 30720K, used 18219K [0x00000000e2600000, 0x0000000100000000)
  region size 1024K, 11 young (11264K), 2 survivors (2048K)
 Metaspace       used 21038K, committed 21248K, reserved 1073152K
  class space    used 2442K, committed 2560K, reserved 1048576K
}
Event: 15.142 GC heap after
{Heap after GC invocations=8 (full 0):
 garbage-first heap   total 30720K, used 10961K [0x00000000e2600000, 0x0000000100000000)
  region size 1024K, 1 young (1024K), 1 survivors (1024K)
 Metaspace       used 21038K, committed 21248K, reserved 1073152K
  class space    used 2442K, committed 2560K, reserved 1048576K
}
Event: 17.037 GC heap before
{Heap before GC invocations=9 (full 0):
 garbage-first heap   total 30720K, used 22225K [0x00000000e2600000, 0x0000000100000000)
  region size 1024K, 12 young (12288K), 1 survivors (1024K)
 Metaspace       used 21455K, committed 21696K, reserved 1073152K
  class space    used 2475K, committed 2560K, reserved 1048576K
}
Event: 17.046 GC heap after
{Heap after GC invocations=10 (full 0):
 garbage-first heap   total 30720K, used 11218K [0x00000000e2600000, 0x0000000100000000)
  region size 1024K, 2 young (2048K), 2 survivors (2048K)
 Metaspace       used 21455K, committed 21696K, reserved 1073152K
  class space    used 2475K, committed 2560K, reserved 1048576K
}
Event: 18.487 GC heap before
{Heap before GC invocations=10 (full 0):
 garbage-first heap   total 30720K, used 22482K [0x00000000e2600000, 0x0000000100000000)
  region size 1024K, 13 young (13312K), 2 survivors (2048K)
 Metaspace       used 21859K, committed 22080K, reserved 1073152K
  class space    used 2503K, committed 2624K, reserved 1048576K
}
Event: 18.498 GC heap after
{Heap after GC invocations=11 (full 0):
 garbage-first heap   total 30720K, used 11916K [0x00000000e2600000, 0x0000000100000000)
  region size 1024K, 2 young (2048K), 2 survivors (2048K)
 Metaspace       used 21859K, committed 22080K, reserved 1073152K
  class space    used 2503K, committed 2624K, reserved 1048576K
}
Event: 19.385 GC heap before
{Heap before GC invocations=11 (full 0):
 garbage-first heap   total 30720K, used 22156K [0x00000000e2600000, 0x0000000100000000)
  region size 1024K, 12 young (12288K), 2 survivors (2048K)
 Metaspace       used 22000K, committed 22208K, reserved 1073152K
  class space    used 2504K, committed 2624K, reserved 1048576K
}
Event: 19.394 GC heap after
{Heap after GC invocations=12 (full 0):
 garbage-first heap   total 30720K, used 12411K [0x00000000e2600000, 0x0000000100000000)
  region size 1024K, 2 young (2048K), 2 survivors (2048K)
 Metaspace       used 22000K, committed 22208K, reserved 1073152K
  class space    used 2504K, committed 2624K, reserved 1048576K
}

