# JRE version: Java(TM) SE Runtime Environment (16.0.1+9) (build 16.0.1+9-24)
# Java VM: Java HotSpot(TM) 64-Bit Server VM (16.0.1+9-24, mixed mode, sharing, tiered, compressed oops, compressed class ptrs, g1 gc, windows-amd64)
GC Precious Log:
 CPUs: 4 total, 4 available
 Memory: 1892M
 Large Page Support: Disabled
 NUMA Support: Disabled
 Compressed Oops: Enabled (32-bit)
 Heap Region Size: 1M
 Heap Min Capacity: 8M
 Heap Initial Capacity: 30M
 Heap Max Capacity: 474M
 Pre-touch: Disabled
 Parallel Workers: 4
 Concurrent Workers: 1
 Concurrent Refinement Workers: 4
 Periodic GC: Disabled
Heap:
 garbage-first heap   total 30720K, used 14251K [0x00000000e2600000, 0x0000000100000000)
  region size 1024K, 12 young (12288K), 2 survivors (2048K)
 Metaspace       used 10680K, committed 10880K, reserved 1064960K
  class space    used 1266K, committed 1344K, reserved 1048576K
GC Heap History (8 events):
Event: 7.965 GC heap before
{Heap before GC invocations=0 (full 0):
 garbage-first heap   total 30720K, used 12288K [0x00000000e2600000, 0x0000000100000000)
  region size 1024K, 13 young (13312K), 0 survivors (0K)
 Metaspace       used 3505K, committed 3712K, reserved 1056768K
  class space    used 345K, committed 448K, reserved 1048576K
}
Event: 7.981 GC heap after
{Heap after GC invocations=1 (full 0):
 garbage-first heap   total 30720K, used 3133K [0x00000000e2600000, 0x0000000100000000)
  region size 1024K, 2 young (2048K), 2 survivors (2048K)
 Metaspace       used 3505K, committed 3712K, reserved 1056768K
  class space    used 345K, committed 448K, reserved 1048576K
}
Event: 8.908 GC heap before
{Heap before GC invocations=1 (full 0):
 garbage-first heap   total 30720K, used 14397K [0x00000000e2600000, 0x0000000100000000)
  region size 1024K, 13 young (13312K), 2 survivors (2048K)
 Metaspace       used 4979K, committed 5120K, reserved 1056768K
  class space    used 559K, committed 640K, reserved 1048576K
}
Event: 8.921 GC heap after
{Heap after GC invocations=2 (full 0):
 garbage-first heap   total 30720K, used 3816K [0x00000000e2600000, 0x0000000100000000)
  region size 1024K, 1 young (1024K), 1 survivors (1024K)
 Metaspace       used 4979K, committed 5120K, reserved 1056768K
  class space    used 559K, committed 640K, reserved 1048576K
}
Event: 10.029 GC heap before
{Heap before GC invocations=2 (full 0):
 garbage-first heap   total 30720K, used 16104K [0x00000000e2600000, 0x0000000100000000)
  region size 1024K, 13 young (13312K), 1 survivors (1024K)
 Metaspace       used 6262K, committed 6400K, reserved 1056768K
  class space    used 708K, committed 768K, reserved 1048576K
}
Event: 10.035 GC heap after
{Heap after GC invocations=3 (full 0):
 garbage-first heap   total 30720K, used 4060K [0x00000000e2600000, 0x0000000100000000)
  region size 1024K, 1 young (1024K), 1 survivors (1024K)
 Metaspace       used 6262K, committed 6400K, reserved 1056768K
  class space    used 708K, committed 768K, reserved 1048576K
}
Event: 11.417 GC heap before
{Heap before GC invocations=3 (full 0):
 garbage-first heap   total 30720K, used 18396K [0x00000000e2600000, 0x0000000100000000)
  region size 1024K, 15 young (15360K), 1 survivors (1024K)
 Metaspace       used 8958K, committed 9152K, reserved 1064960K
  class space    used 1058K, committed 1152K, reserved 1048576K
}
Event: 11.429 GC heap after
{Heap after GC invocations=4 (full 0):
 garbage-first heap   total 30720K, used 5035K [0x00000000e2600000, 0x0000000100000000)
  region size 1024K, 2 young (2048K), 2 survivors (2048K)
 Metaspace       used 8958K, committed 9152K, reserved 1064960K
  class space    used 1058K, committed 1152K, reserved 1048576K
}

