# JRE version: Java(TM) SE Runtime Environment (16.0.1+9) (build 16.0.1+9-24)
# Java VM: Java HotSpot(TM) 64-Bit Server VM (16.0.1+9-24, mixed mode, sharing, tiered, compressed oops, compressed class ptrs, g1 gc, windows-amd64)
GC Precious Log:
 CPUs: 4 total, 4 available
 Memory: 1892M
 Large Page Support: Disabled
 NUMA Support: Disabled
 Compressed Oops: Enabled (32-bit)
 Heap Region Size: 1M
 Heap Min Capacity: 8M
 Heap Initial Capacity: 30M
 Heap Max Capacity: 474M
 Pre-touch: Disabled
 Parallel Workers: 4
 Concurrent Workers: 1
 Concurrent Refinement Workers: 4
 Periodic GC: Disabled
Heap:
 garbage-first heap   total 30720K, used 14283K [0x00000000e2600000, 0x0000000100000000)
  region size 1024K, 11 young (11264K), 3 survivors (3072K)
 Metaspace       used 13002K, committed 13184K, reserved 1064960K
  class space    used 1466K, committed 1536K, reserved 1048576K
GC Heap History (12 events):
Event: 2.520 GC heap before
{Heap before GC invocations=0 (full 0):
 garbage-first heap   total 30720K, used 12288K [0x00000000e2600000, 0x0000000100000000)
  region size 1024K, 13 young (13312K), 0 survivors (0K)
 Metaspace       used 3418K, committed 3584K, reserved 1056768K
  class space    used 340K, committed 448K, reserved 1048576K
}
Event: 2.538 GC heap after
{Heap after GC invocations=1 (full 0):
 garbage-first heap   total 30720K, used 3270K [0x00000000e2600000, 0x0000000100000000)
  region size 1024K, 2 young (2048K), 2 survivors (2048K)
 Metaspace       used 3418K, committed 3584K, reserved 1056768K
  class space    used 340K, committed 448K, reserved 1048576K
}
Event: 3.317 GC heap before
{Heap before GC invocations=1 (full 0):
 garbage-first heap   total 30720K, used 14534K [0x00000000e2600000, 0x0000000100000000)
  region size 1024K, 13 young (13312K), 2 survivors (2048K)
 Metaspace       used 4978K, committed 5120K, reserved 1056768K
  class space    used 558K, committed 640K, reserved 1048576K
}
Event: 3.329 GC heap after
{Heap after GC invocations=2 (full 0):
 garbage-first heap   total 30720K, used 3831K [0x00000000e2600000, 0x0000000100000000)
  region size 1024K, 1 young (1024K), 1 survivors (1024K)
 Metaspace       used 4978K, committed 5120K, reserved 1056768K
  class space    used 558K, committed 640K, reserved 1048576K
}
Event: 4.204 GC heap before
{Heap before GC invocations=2 (full 0):
 garbage-first heap   total 30720K, used 15095K [0x00000000e2600000, 0x0000000100000000)
  region size 1024K, 13 young (13312K), 1 survivors (1024K)
 Metaspace       used 6221K, committed 6336K, reserved 1056768K
  class space    used 704K, committed 768K, reserved 1048576K
}
Event: 4.211 GC heap after
{Heap after GC invocations=3 (full 0):
 garbage-first heap   total 30720K, used 4092K [0x00000000e2600000, 0x0000000100000000)
  region size 1024K, 1 young (1024K), 1 survivors (1024K)
 Metaspace       used 6221K, committed 6336K, reserved 1056768K
  class space    used 704K, committed 768K, reserved 1048576K
}
Event: 5.425 GC heap before
{Heap before GC invocations=3 (full 0):
 garbage-first heap   total 30720K, used 18428K [0x00000000e2600000, 0x0000000100000000)
  region size 1024K, 15 young (15360K), 1 survivors (1024K)
 Metaspace       used 8910K, committed 9088K, reserved 1064960K
  class space    used 1051K, committed 1152K, reserved 1048576K
}
Event: 5.438 GC heap after
{Heap after GC invocations=4 (full 0):
 garbage-first heap   total 30720K, used 4975K [0x00000000e2600000, 0x0000000100000000)
  region size 1024K, 2 young (2048K), 2 survivors (2048K)
 Metaspace       used 8910K, committed 9088K, reserved 1064960K
  class space    used 1051K, committed 1152K, reserved 1048576K
}
Event: 7.177 GC heap before
{Heap before GC invocations=4 (full 0):
 garbage-first heap   total 30720K, used 19311K [0x00000000e2600000, 0x0000000100000000)
  region size 1024K, 17 young (17408K), 2 survivors (2048K)
 Metaspace       used 11860K, committed 12032K, reserved 1064960K
  class space    used 1387K, committed 1472K, reserved 1048576K
}
Event: 7.199 GC heap after
{Heap after GC invocations=5 (full 0):
 garbage-first heap   total 30720K, used 6175K [0x00000000e2600000, 0x0000000100000000)
  region size 1024K, 3 young (3072K), 3 survivors (3072K)
 Metaspace       used 11860K, committed 12032K, reserved 1064960K
  class space    used 1387K, committed 1472K, reserved 1048576K
}
Event: 9.228 GC heap before
{Heap before GC invocations=5 (full 0):
 garbage-first heap   total 30720K, used 20511K [0x00000000e2600000, 0x0000000100000000)
  region size 1024K, 17 young (17408K), 3 survivors (3072K)
 Metaspace       used 12911K, committed 13056K, reserved 1064960K
  class space    used 1466K, committed 1536K, reserved 1048576K
}
Event: 9.249 GC heap after
{Heap after GC invocations=6 (full 0):
 garbage-first heap   total 30720K, used 7115K [0x00000000e2600000, 0x0000000100000000)
  region size 1024K, 3 young (3072K), 3 survivors (3072K)
 Metaspace       used 12911K, committed 13056K, reserved 1064960K
  class space    used 1466K, committed 1536K, reserved 1048576K
}

